<?xml version="1.0" encoding="utf-8" standalone="no"?>
<!--This file represents the results of running a test suite-->
<test-results name="T:\users\chery\documents\visual studio 2010\Projects\ConsoleApplication3\ConsoleApplication3.sln" total="2" errors="0" failures="0" not-run="1" inconclusive="0" ignored="1" skipped="0" invalid="0" date="2013-02-10" time="21:23:41">
  <environment nunit-version="2.6.2.12296" clr-version="2.0.50727.4216" os-version="Microsoft Windows NT 6.0.6002 Service Pack 2" platform="Win32NT" cwd="C:\Program Files\NUnit 2.6.2\bin" machine-name="CHERY-PC" user="chery" user-domain="Chery-PC" />
  <culture-info current-culture="en-US" current-uiculture="en-US" />
  <test-suite type="Project" name="T:\users\chery\documents\visual studio 2010\Projects\ConsoleApplication3\ConsoleApplication3.sln" executed="True" result="Success" success="True" time="0.054" asserts="0">
    <results>
      <test-suite type="Assembly" name="T:\users\chery\documents\visual studio 2010\Projects\ConsoleApplication3\ConsoleApplication3\bin\Debug\Bank.exe" executed="True" result="Success" success="True" time="0.053" asserts="0">
        <results>
          <test-suite type="Namespace" name="Bank" executed="True" result="Success" success="True" time="0.052" asserts="0">
            <results>
              <test-suite type="TestFixture" name="AccountTest" executed="True" result="Success" success="True" time="0.050" asserts="0">
                <results>
                  <test-case name="Bank.AccountTest.TransferFunds" executed="True" result="Success" success="True" time="0.000" asserts="2" />
                  <test-case name="Bank.AccountTest.TransferWithInsufficientFunds" executed="True" result="Success" success="True" time="0.002" asserts="0" />
                  <test-case name="Bank.AccountTest.TransferWithInsufficientFundsAtomicity" executed="False" result="Ignored">
                    <reason>
                      <message><![CDATA[Decide how to implement transaction management]]></message>
                    </reason>
                  </test-case>
                </results>
              </test-suite>
            </results>
          </test-suite>
        </results>
      </test-suite>
    </results>
  </test-suite>
</test-results>